<?xml version="1.0" encoding="UTF-8"?>
<!-- Generated by org.testng.reporters.JUnitXMLReporter -->
<testsuite hostname="Buraks-MBP.local.tld" ignored="0" name="All API Test" tests="5" failures="0" timestamp="2023-07-26T19:53:32 CDT" time="17.113" errors="0">
  <testcase name="GoRestCRUD" time="6.834" classname="api.scripts.go_rest.GoRest"/>
  <testcase name="goRestCRUDWithLombok" time="3.963" classname="api.scripts.go_rest.GoRestWithLombok"/>
  <testcase name="petStoreAPI" time="1.041" classname="api.scripts.pet_store.PetStore"/>
  <testcase name="APIProject02" time="2.28" classname="api.scripts.tg_school.APIProject02"/>
  <testcase name="TGAPIProject" time="1.649" classname="api.scripts.tg_school.TGApplicationAPI"/>
</testsuite> <!-- All API Test -->
