<?xml version="1.0" encoding="UTF-8"?>
<testng-results skipped="0" failed="0" ignored="0" total="5" passed="5">
  <reporter-output>
  </reporter-output>
  <suite name="API Regression" duration-ms="14392" started-at="2023-07-26T15:23:50 CDT" finished-at="2023-07-26T15:24:04 CDT">
    <groups>
    </groups>
    <test name="All API Test" duration-ms="14392" started-at="2023-07-26T15:23:50 CDT" finished-at="2023-07-26T15:24:04 CDT">
      <class name="api.scripts.go_rest.GoRest">
        <test-method status="PASS" signature="setAPI()[pri:0, instance:api.scripts.go_rest.GoRest@670002]" name="setAPI" is-config="true" duration-ms="564" started-at="2023-07-26T15:23:50 CDT" finished-at="2023-07-26T15:23:51 CDT">
          <reporter-output>
          </reporter-output>
        </test-method> <!-- setAPI -->
        <test-method status="PASS" signature="GoRestCRUD()[pri:0, instance:api.scripts.go_rest.GoRest@670002]" name="GoRestCRUD" duration-ms="6425" started-at="2023-07-26T15:23:51 CDT" finished-at="2023-07-26T15:23:57 CDT">
          <reporter-output>
          </reporter-output>
        </test-method> <!-- GoRestCRUD -->
      </class> <!-- api.scripts.go_rest.GoRest -->
      <class name="api.scripts.tg_school.APIProject02">
        <test-method status="PASS" signature="setAPI()[pri:0, instance:api.scripts.tg_school.APIProject02@69b2283a]" name="setAPI" is-config="true" duration-ms="1" started-at="2023-07-26T15:24:01 CDT" finished-at="2023-07-26T15:24:01 CDT">
          <reporter-output>
          </reporter-output>
        </test-method> <!-- setAPI -->
        <test-method status="PASS" signature="APIProject02()[pri:0, instance:api.scripts.tg_school.APIProject02@69b2283a]" name="APIProject02" duration-ms="2037" started-at="2023-07-26T15:24:01 CDT" finished-at="2023-07-26T15:24:03 CDT">
          <reporter-output>
          </reporter-output>
        </test-method> <!-- APIProject02 -->
      </class> <!-- api.scripts.tg_school.APIProject02 -->
      <class name="api.scripts.tg_school.TGApplicationAPI">
        <test-method status="PASS" signature="setTest()[pri:0, instance:api.scripts.tg_school.TGApplicationAPI@22a637e7]" name="setTest" is-config="true" duration-ms="575" started-at="2023-07-26T15:24:03 CDT" finished-at="2023-07-26T15:24:04 CDT">
          <reporter-output>
          </reporter-output>
        </test-method> <!-- setTest -->
        <test-method status="PASS" signature="TGAPIProject()[pri:0, instance:api.scripts.tg_school.TGApplicationAPI@22a637e7]" name="TGAPIProject" duration-ms="607" started-at="2023-07-26T15:24:04 CDT" finished-at="2023-07-26T15:24:04 CDT">
          <reporter-output>
          </reporter-output>
        </test-method> <!-- TGAPIProject -->
      </class> <!-- api.scripts.tg_school.TGApplicationAPI -->
      <class name="api.scripts.go_rest.GoRestWithLombok">
        <test-method status="PASS" signature="setAPI()[pri:0, instance:api.scripts.go_rest.GoRestWithLombok@5223e5ee]" name="setAPI" is-config="true" duration-ms="4" started-at="2023-07-26T15:23:57 CDT" finished-at="2023-07-26T15:23:57 CDT">
          <reporter-output>
          </reporter-output>
        </test-method> <!-- setAPI -->
        <test-method status="PASS" signature="goRestCRUDWithLombok()[pri:0, instance:api.scripts.go_rest.GoRestWithLombok@5223e5ee]" name="goRestCRUDWithLombok" duration-ms="3158" started-at="2023-07-26T15:23:57 CDT" finished-at="2023-07-26T15:24:00 CDT">
          <reporter-output>
          </reporter-output>
        </test-method> <!-- goRestCRUDWithLombok -->
      </class> <!-- api.scripts.go_rest.GoRestWithLombok -->
      <class name="api.scripts.pet_store.PetStore">
        <test-method status="PASS" signature="setAPI()[pri:0, instance:api.scripts.pet_store.PetStore@bef2d72]" name="setAPI" is-config="true" duration-ms="3" started-at="2023-07-26T15:24:00 CDT" finished-at="2023-07-26T15:24:00 CDT">
          <reporter-output>
          </reporter-output>
        </test-method> <!-- setAPI -->
        <test-method status="PASS" signature="petStoreAPI()[pri:0, instance:api.scripts.pet_store.PetStore@bef2d72]" name="petStoreAPI" duration-ms="954" started-at="2023-07-26T15:24:00 CDT" finished-at="2023-07-26T15:24:01 CDT">
          <reporter-output>
          </reporter-output>
        </test-method> <!-- petStoreAPI -->
      </class> <!-- api.scripts.pet_store.PetStore -->
    </test> <!-- All API Test -->
  </suite> <!-- API Regression -->
</testng-results>
