<?xml version="1.0" encoding="UTF-8"?>
<testng-results skipped="0" failed="0" ignored="0" total="5" passed="5">
  <reporter-output>
  </reporter-output>
  <suite name="API Regression" duration-ms="17113" started-at="2023-07-26T19:53:15 CDT" finished-at="2023-07-26T19:53:32 CDT">
    <groups>
    </groups>
    <test name="All API Test" duration-ms="17113" started-at="2023-07-26T19:53:15 CDT" finished-at="2023-07-26T19:53:32 CDT">
      <class name="api.scripts.go_rest.GoRest">
        <test-method status="PASS" signature="setAPI()[pri:0, instance:api.scripts.go_rest.GoRest@670002]" name="setAPI" is-config="true" duration-ms="596" started-at="2023-07-26T19:53:15 CDT" finished-at="2023-07-26T19:53:16 CDT">
          <reporter-output>
          </reporter-output>
        </test-method> <!-- setAPI -->
        <test-method status="PASS" signature="GoRestCRUD()[pri:0, instance:api.scripts.go_rest.GoRest@670002]" name="GoRestCRUD" duration-ms="6834" started-at="2023-07-26T19:53:16 CDT" finished-at="2023-07-26T19:53:23 CDT">
          <reporter-output>
          </reporter-output>
        </test-method> <!-- GoRestCRUD -->
      </class> <!-- api.scripts.go_rest.GoRest -->
      <class name="api.scripts.tg_school.APIProject02">
        <test-method status="PASS" signature="setAPI()[pri:0, instance:api.scripts.tg_school.APIProject02@69b2283a]" name="setAPI" is-config="true" duration-ms="2" started-at="2023-07-26T19:53:28 CDT" finished-at="2023-07-26T19:53:28 CDT">
          <reporter-output>
          </reporter-output>
        </test-method> <!-- setAPI -->
        <test-method status="PASS" signature="APIProject02()[pri:0, instance:api.scripts.tg_school.APIProject02@69b2283a]" name="APIProject02" duration-ms="2280" started-at="2023-07-26T19:53:28 CDT" finished-at="2023-07-26T19:53:30 CDT">
          <reporter-output>
          </reporter-output>
        </test-method> <!-- APIProject02 -->
      </class> <!-- api.scripts.tg_school.APIProject02 -->
      <class name="api.scripts.tg_school.TGApplicationAPI">
        <test-method status="PASS" signature="setTest()[pri:0, instance:api.scripts.tg_school.TGApplicationAPI@22a637e7]" name="setTest" is-config="true" duration-ms="681" started-at="2023-07-26T19:53:30 CDT" finished-at="2023-07-26T19:53:31 CDT">
          <reporter-output>
          </reporter-output>
        </test-method> <!-- setTest -->
        <test-method status="PASS" signature="TGAPIProject()[pri:0, instance:api.scripts.tg_school.TGApplicationAPI@22a637e7]" name="TGAPIProject" duration-ms="1649" started-at="2023-07-26T19:53:31 CDT" finished-at="2023-07-26T19:53:32 CDT">
          <reporter-output>
          </reporter-output>
        </test-method> <!-- TGAPIProject -->
      </class> <!-- api.scripts.tg_school.TGApplicationAPI -->
      <class name="api.scripts.go_rest.GoRestWithLombok">
        <test-method status="PASS" signature="setAPI()[pri:0, instance:api.scripts.go_rest.GoRestWithLombok@5223e5ee]" name="setAPI" is-config="true" duration-ms="2" started-at="2023-07-26T19:53:23 CDT" finished-at="2023-07-26T19:53:23 CDT">
          <reporter-output>
          </reporter-output>
        </test-method> <!-- setAPI -->
        <test-method status="PASS" signature="goRestCRUDWithLombok()[pri:0, instance:api.scripts.go_rest.GoRestWithLombok@5223e5ee]" name="goRestCRUDWithLombok" duration-ms="3963" started-at="2023-07-26T19:53:23 CDT" finished-at="2023-07-26T19:53:27 CDT">
          <reporter-output>
          </reporter-output>
        </test-method> <!-- goRestCRUDWithLombok -->
      </class> <!-- api.scripts.go_rest.GoRestWithLombok -->
      <class name="api.scripts.pet_store.PetStore">
        <test-method status="PASS" signature="setAPI()[pri:0, instance:api.scripts.pet_store.PetStore@bef2d72]" name="setAPI" is-config="true" duration-ms="3" started-at="2023-07-26T19:53:27 CDT" finished-at="2023-07-26T19:53:27 CDT">
          <reporter-output>
          </reporter-output>
        </test-method> <!-- setAPI -->
        <test-method status="PASS" signature="petStoreAPI()[pri:0, instance:api.scripts.pet_store.PetStore@bef2d72]" name="petStoreAPI" duration-ms="1041" started-at="2023-07-26T19:53:27 CDT" finished-at="2023-07-26T19:53:28 CDT">
          <reporter-output>
          </reporter-output>
        </test-method> <!-- petStoreAPI -->
      </class> <!-- api.scripts.pet_store.PetStore -->
    </test> <!-- All API Test -->
  </suite> <!-- API Regression -->
</testng-results>
