<?xml version="1.0" encoding="UTF-8"?>
<!-- Generated by org.testng.reporters.JUnitXMLReporter -->
<testsuite hostname="Buraks-MBP.local.tld" ignored="0" name="/Users/buraksimsek/IdeaProjects/backend_automation_b6/src/test/java/api/scripts" tests="5" failures="0" timestamp="2023-07-26T15:19:03 CDT" time="15.266" errors="0">
  <testcase name="GoRestCRUD" time="6.911" classname="api.scripts.go_rest.GoRest"/>
  <testcase name="goRestCRUDWithLombok" time="3.346" classname="api.scripts.go_rest.GoRestWithLombok"/>
  <testcase name="petStoreAPI" time="0.936" classname="api.scripts.pet_store.PetStore"/>
  <testcase name="APIProject02" time="1.979" classname="api.scripts.tg_school.APIProject02"/>
  <testcase name="TGAPIProject" time="0.545" classname="api.scripts.tg_school.TGApplicationAPI"/>
</testsuite> <!-- /Users/buraksimsek/IdeaProjects/backend_automation_b6/src/test/java/api/scripts -->
